 
      **************************************************
      *                                                *
      *                IMPERIAL COLLEGE                *
      *      OF SCIENCE, TECHNOLOGY AND MEDICINE       *
      *                                                *
      *                                                *
      *                                                *
      *                A D A P T I C                   *
      *                - - - - - - -                   *
      *                                                *
      *             B.A. IZZUDDIN (1991)               *
      *                                                *
      *           Linux Version : v2.17.1              *
      *                                                *
      **************************************************
 

-------------------------------------------------------------------------------
 
Permission is granted to 'kkr15' to use ADAPTIC, subject to the conditions:
 
 1.	 to use ADAPTIC strictly for kkr15's specific research topic agreed
 	 with Prof. Izzuddin,
 
 2.	 not to use ADAPTIC in any connection with consulting work without the
 	 explicit permission of Prof. Izzuddin, and
 
 3.	 to refer ADAPTIC in published work to Prof. Izzuddin's PhD thesis
 	 (Izzuddin, 1991).
 
Violation of any of the above conditions invalidates the license to use 
ADAPTIC, and will result in the license termination.
 
-------------------------------------------------------------------------------

adaptic: user kkr15 agreed to terms of license

adaptic: use -a option to suppress output of license terms

-------------------------------------------------------------------------------
 


Date: Wed 12 May 11:52:42 BST 2021

Workstation: cvapollo Linux x86_64

Filename: ssBeam.dat

READing data: ssBeam.dat: Wed 12 May 11:52:42 BST 2021

 Warning: analysis files exist; overwrite (y/n)?
 analysis ...
 materials ...
 sections ...
 groups ...
 structural.nodal.coordinates ...
 non.structural.nodal.coordinates ...
 element.connectivity ...
 restraints ...
 linear.curves ...
 applied.loading ...
 integration.scheme ...
 equilibrium.stages ...
 solution.of.equations ...
 iterative.strategy ...
 convergence.criteria ...
 output ...
 end ...

real	0m0.057s
user	0m0.023s
sys	0m0.035s
Warning/Info messages in READ stage
Refer to file  ssBeam.out

Job execution: Wed 12 May 11:52:42 BST 2021

Allocated memory:            1. MB
Additional MUMPS memory:     1. MB

                  I N I T I A L   L O A D I N G
                      ( F U L L   M O D E L )
                  +++++++++++++++++++++++++++++

    INITIAL
    LOADING            CURRENT
    FACTOR              TIME        LEVEL   CONV.-NORM   ITERATIONS
 0.10000000E+01    0.10000000E+01     0     0.000E+00         0

                 V A R I A B L E    L O A D I N G
                 ++++++++++++++++++++++++++++++++

     CURRENT
      TIME       LEVEL    CONV.-NORM   ITERATIONS
 0.14990000E+01    0      0.103E-06         1
 0.19980000E+01    0      0.113E-06         1
 0.24970000E+01    0      0.266E-05         3
Maximum iterations exceeded : Convergence = 0.357983E+03, Iteration =   20
 0.25469000E+01    1      0.240E-05         2
 0.25968000E+01    1      0.129E-05        15
 0.26467000E+01    1      0.533E-05         2
 0.26966000E+01    1      0.117E-07         2
 0.27465000E+01    1      0.146E-05         1
 0.27964000E+01    1      0.451E-06         2
 0.28463000E+01    1      0.223E-08         2
 0.28962000E+01    1      0.131E-05         1
 0.29461000E+01    1      0.556E-05         1
 0.29960000E+01    1      0.200E-08         2
Maximum iterations exceeded : Convergence = 0.484860E-02, Iteration =   20
 0.30459000E+01    1      0.166E-07         2
 0.30958000E+01    1      0.180E-05         1
 0.31457000E+01    1      0.489E-07         2
 0.31956000E+01    1      0.142E-05         2
 0.32455000E+01    1      0.240E-07         2
 0.32954000E+01    1      0.160E-08         2
 0.33453000E+01    1      0.142E-07         2
 0.33952000E+01    1      0.413E-05         2
Maximum iterations exceeded : Convergence = 0.701471E-03, Iteration =   20
 0.34001900E+01    2      0.116E-05         2
 0.34051800E+01    2      0.150E-05         1
Maximum iterations exceeded : Convergence = 0.939527E-04, Iteration =   20
 0.34056790E+01    3      0.905E-06         1
 0.34061780E+01    3      0.474E-08         1
 0.34066770E+01    3      0.824E-08         1
 0.34071760E+01    3      0.257E-07         1
 0.34076750E+01    3      0.573E-08         1
 0.34081740E+01    3      0.473E-08         1
 0.34086730E+01    3      0.676E-08         1
 0.34091720E+01    3      0.427E-07         1
 0.34096710E+01    3      0.871E-08         1
 0.34101700E+01    3      0.700E-08         1
 0.34151600E+01    2      0.355E-06         6
 0.34201500E+01    2      0.205E-05         2
 0.34251400E+01    2      0.435E-07         2
 0.34301300E+01    2      0.221E-08         2
 0.34351200E+01    2      0.498E-05         1
 0.34401100E+01    2      0.239E-06         2
 0.34451000E+01    2      0.395E-05         1
 0.34950000E+01    1      0.120E-05         2
Maximum iterations exceeded : Convergence = 0.145171E-03, Iteration =   20
 0.35449000E+01    1      0.138E-07         1
Maximum iterations exceeded : Convergence = 0.440372E-03, Iteration =   20
 0.35498900E+01    2      0.128E-06         3
 0.35548800E+01    2      0.208E-07         2
 0.35598700E+01    2      0.558E-08         2
 0.35648600E+01    2      0.922E-09         2
 0.35698500E+01    2      0.154E-05         2
 0.35748400E+01    2      0.523E-05         1
 0.35798300E+01    2      0.160E-06         2
 0.35848200E+01    2      0.248E-07         2
 0.35898100E+01    2      0.192E-07         2
 0.35948000E+01    2      0.298E-06         2
 0.36447000E+01    1      0.273E-09         2
 0.36946000E+01    1      0.893E-08         3
 0.37445000E+01    1      0.129E-06         2
 0.37944000E+01    1      0.131E-09         2
 0.38443000E+01    1      0.179E-08         2
 0.38942000E+01    1      0.574E-05         2
 0.39441000E+01    1      0.742E-06         2
 0.39940000E+01    1      0.127E-06         2
 0.44930000E+01    0      0.751E-06         6
 0.49920000E+01    0      0.300E-05         2
Maximum iterations exceeded : Convergence = 0.455999E-03, Iteration =   20
 0.50419000E+01    1      0.198E-05        12
 0.50918000E+01    1      0.168E-07         2
 0.51417000E+01    1      0.275E-06         2
 0.51916000E+01    1      0.304E-08         2
 0.52415000E+01    1      0.920E-07         2
 0.52914000E+01    1      0.142E-07         2
 0.53413000E+01    1      0.804E-08         2
 0.53912000E+01    1      0.321E-07         2
 0.54411000E+01    1      0.621E-06         2
 0.54910000E+01    1      0.154E-06         2
 0.59900000E+01    0      0.917E-07         7
 0.64890000E+01    0      0.122E-07         3
Maximum iterations exceeded : Convergence = 0.157925E-03, Iteration =   20
 0.65389000E+01    1      0.233E-06         2
 0.65888000E+01    1      0.701E-08         5
 0.66387000E+01    1      0.303E-05         2
 0.66886000E+01    1      0.376E-06         3
Maximum iterations exceeded : Convergence = 0.602129E-03, Iteration =   20
 0.66935900E+01    2      0.669E-05         1
 0.66985800E+01    2      0.207E-07         2
 0.67035700E+01    2      0.498E-06         2
Maximum iterations exceeded : Convergence = 0.618111E-03, Iteration =   20
 0.67040690E+01    3      0.342E-05         1
 0.67045680E+01    3      0.944E-07         1
 0.67050670E+01    3      0.569E-07         1
 0.67055660E+01    3      0.113E-06         1
 0.67060650E+01    3      0.110E-06         1
 0.67065640E+01    3      0.616E-06         1
 0.67070630E+01    3      0.169E-06         1
 0.67075620E+01    3      0.767E-06         1
 0.67080610E+01    3      0.221E-06         1
 0.67085600E+01    3      0.364E-06         1
 0.67135500E+01    2      0.454E-05         8
 0.67185400E+01    2      0.440E-07         2
 0.67235300E+01    2      0.246E-08         2
 0.67285200E+01    2      0.808E-05         1
 0.67335100E+01    2      0.211E-05         2
 0.67385000E+01    2      0.665E-09         2
 0.67884000E+01    1      0.107E-06         3
 0.68383000E+01    1      0.784E-06         2
 0.68882000E+01    1      0.549E-07         2
 0.69381000E+01    1      0.163E-08         2
 0.69880000E+01    1      0.952E-08         2
 0.74870000E+01    0      0.135E-05         2
 0.79860000E+01    0      0.610E-08        16
Maximum iterations exceeded : Convergence = 0.249144E-02, Iteration =   20
Maximum iterations exceeded : Convergence = 0.898085E-03, Iteration =   20
 0.79909900E+01    2      0.290E-06         2
 0.79959800E+01    2      0.880E-06         2
Maximum iterations exceeded : Convergence = 0.913769E-03, Iteration =   20
 0.79964790E+01    3      0.742E-06         1
 0.79969780E+01    3      0.892E-06         1
 0.79974770E+01    3      0.218E-05         1
 0.79979760E+01    3      0.121E-05         1
 0.79984750E+01    3      0.278E-05         1
 0.79989740E+01    3      0.139E-05         1
 0.79994730E+01    3      0.108E-05         1
 0.79999720E+01    3      0.287E-05         1
 0.80004710E+01    3      0.246E-05         1
 0.80009700E+01    3      0.101E-05         1
 0.80059600E+01    2      0.461E-05         4
Maximum iterations exceeded : Convergence = 0.328474E-02, Iteration =   20
 0.80064590E+01    3      0.184E-05         1
 0.80069580E+01    3      0.220E-05         1
 0.80074570E+01    3      0.111E-05         1
 0.80079560E+01    3      0.293E-05         1
 0.80084550E+01    3      0.238E-05         1
 0.80089540E+01    3      0.259E-05         1
 0.80094530E+01    3      0.252E-05         1
 0.80099520E+01    3      0.599E-05         1
 0.80104510E+01    3      0.411E-05         1
 0.80109500E+01    3      0.380E-05         1
 0.80159400E+01    2      0.584E-05         2
 0.80209300E+01    2      0.413E-05         2
 0.80259200E+01    2      0.401E-05         5
 0.80309100E+01    2      0.518E-07         2
 0.80359000E+01    2      0.358E-08         2
 0.80858000E+01    1      0.955E-08         3
 0.81357000E+01    1      0.525E-06         2
 0.81856000E+01    1      0.745E-09         2
 0.82355000E+01    1      0.277E-06         2
 0.82854000E+01    1      0.428E-06         2
 0.83353000E+01    1      0.168E-06         2
 0.83852000E+01    1      0.234E-06         2
 0.84351000E+01    1      0.346E-05         2
 0.84850000E+01    1      0.439E-09         2
 0.89840000E+01    0      0.472E-06         2
 0.94830000E+01    0      0.607E-07         2
 0.99820000E+01    0      0.372E-08         2
 0.10481000E+02    0      0.358E-06         2
 0.10980000E+02    0      0.206E-06         2
 0.11479000E+02    0      0.368E-06         3
Maximum iterations exceeded : Convergence = 0.169551E-03, Iteration =   20
 0.11528900E+02    1      0.127E-05         4
 0.11578800E+02    1      0.288E-05         2
 0.11628700E+02    1      0.122E-05         2
 0.11678600E+02    1      0.284E-08         2
 0.11728500E+02    1      0.169E-06         2
 0.11778400E+02    1      0.416E-08         2
 0.11828300E+02    1      0.535E-07         2
 0.11878200E+02    1      0.180E-06         2
 0.11928100E+02    1      0.709E-07         2
 0.11978000E+02    1      0.108E-08         2
 0.12477000E+02    0      0.572E-05         6
Maximum iterations exceeded : Convergence = 0.712455E+02, Iteration =   20
 0.12526900E+02    1      0.402E-05         2
Maximum iterations exceeded : Convergence = 0.423108E-03, Iteration =   20
Maximum iterations exceeded : Convergence = 0.266112E-03, Iteration =   20
 0.12527399E+02    3      0.441E-05         1
 0.12527898E+02    3      0.134E-06         1
 0.12528397E+02    3      0.196E-05         1
 0.12528896E+02    3      0.869E-05         1
 0.12529395E+02    3      0.372E-05         1
 0.12529894E+02    3      0.738E-05         1
 0.12530393E+02    3      0.193E-05         1
 0.12530892E+02    3      0.800E-05         1
 0.12531391E+02    3      0.260E-05         1
 0.12531890E+02    3      0.631E-06         2
Maximum iterations exceeded : Convergence = 0.870990E-03, Iteration =   20
 0.12532389E+02    3      0.772E-07         1
 0.12532888E+02    3      0.172E-05         1
 0.12533387E+02    3      0.210E-05         1
 0.12533886E+02    3      0.385E-05         1
 0.12534385E+02    3      0.267E-05         1
 0.12534884E+02    3      0.319E-05         1
 0.12535383E+02    3      0.146E-05         1
 0.12535882E+02    3      0.208E-05         1
 0.12536381E+02    3      0.102E-05         1
 0.12536880E+02    3      0.183E-05         1
Maximum iterations exceeded : Convergence = 0.124927E-02, Iteration =   20
 0.12537379E+02    3      0.193E-07         1
 0.12537878E+02    3      0.158E-05         1
 0.12538377E+02    3      0.119E-05         1
 0.12538876E+02    3      0.157E-05         1
 0.12539375E+02    3      0.136E-05         1
 0.12539874E+02    3      0.777E-06         1
 0.12540373E+02    3      0.245E-05         1
 0.12540872E+02    3      0.211E-05         1
 0.12541371E+02    3      0.222E-05         1
 0.12541870E+02    3      0.151E-05         1
 0.12546860E+02    2      0.339E-06         5
 0.12551850E+02    2      0.443E-06         2
 0.12556840E+02    2      0.430E-08         2
 0.12561830E+02    2      0.146E-08         2
 0.12566820E+02    2      0.101E-07         2
 0.12571810E+02    2      0.644E-09         2
 0.12576800E+02    2      0.178E-07         2
 0.12626700E+02    1      0.393E-05         2
 0.12676600E+02    1      0.946E-05         2
 0.12726500E+02    1      0.226E-05         2
 0.12776400E+02    1      0.195E-05         2
 0.12826300E+02    1      0.213E-08         2
 0.12876200E+02    1      0.319E-08         2
 0.12926100E+02    1      0.252E-07         2
 0.12976000E+02    1      0.146E-06         2
 0.13475000E+02    0      0.102E-05         2
 0.13974000E+02    0      0.885E-09         3
 0.14473000E+02    0      0.572E-06         3
 0.14972000E+02    0      0.130E-05         2
 0.15471000E+02    0      0.822E-07         2
 0.15970000E+02    0      0.566E-07         2
Maximum iterations exceeded : Convergence = 0.627524E-04, Iteration =   20
 0.16019900E+02    1      0.111E-05         1
 0.16069800E+02    1      0.623E-07         2
 0.16119700E+02    1      0.728E-05         2
Maximum iterations exceeded : Convergence = 0.418915E-03, Iteration =   20
 0.16124690E+02    2      0.216E-07         3
Maximum iterations exceeded : Convergence = 0.174300E-03, Iteration =   20
 0.16125189E+02    3      0.193E-06         1
 0.16125688E+02    3      0.257E-06         1
 0.16126187E+02    3      0.138E-05         1
 0.16126686E+02    3      0.226E-05         1
 0.16127185E+02    3      0.332E-06         1
 0.16127684E+02    3      0.319E-06         1
 0.16128183E+02    3      0.980E-06         1
 0.16128682E+02    3      0.116E-05         1
 0.16129181E+02    3      0.572E-06         1
 0.16129680E+02    3      0.174E-06         1
Maximum iterations exceeded : Convergence = 0.177088E-02, Iteration =   20
 0.16130179E+02    3      0.567E-05         1
 0.16130678E+02    3      0.100E-05         1
 0.16131177E+02    3      0.736E-06         1
 0.16131676E+02    3      0.513E-06         1
 0.16132175E+02    3      0.315E-06         1
 0.16132674E+02    3      0.149E-05         1
 0.16133173E+02    3      0.532E-06         1
 0.16133672E+02    3      0.247E-06         1
 0.16134171E+02    3      0.379E-06         1
 0.16134670E+02    3      0.415E-06         1
 0.16139660E+02    2      0.415E-07         4
 0.16144650E+02    2      0.232E-05         2
 0.16149640E+02    2      0.118E-05        11
 0.16154630E+02    2      0.530E-05         2
 0.16159620E+02    2      0.902E-07         2
 0.16164610E+02    2      0.643E-08         2
 0.16169600E+02    2      0.379E-06         2
 0.16219500E+02    1      0.105E-06         2
 0.16269400E+02    1      0.634E-06         2
 0.16319300E+02    1      0.745E-08         2
 0.16369200E+02    1      0.354E-08         2
 0.16419100E+02    1      0.835E-09         2
 0.16469000E+02    1      0.165E-08         2
 0.16968000E+02    0      0.177E-05         2
 0.17467000E+02    0      0.938E-06         2
 0.17966000E+02    0      0.541E-07         3
 0.18465000E+02    0      0.248E-06         2
 0.18964000E+02    0      0.302E-07         2
 0.19463000E+02    0      0.212E-07         2
 0.19962000E+02    0      0.738E-07         2
 0.20461000E+02    0      0.544E-08         3
 0.20960000E+02    0      0.746E-06         2
 0.21459000E+02    0      0.405E-07         2
 0.21958000E+02    0      0.370E-08         2
 0.22457000E+02    0      0.642E-08         2
 0.22956000E+02    0      0.632E-07         2
 0.23455000E+02    0      0.870E-06         2
 0.23954000E+02    0      0.387E-07         2
 0.24453000E+02    0      0.489E-05         1
 0.24952000E+02    0      0.706E-09         2
 0.25451000E+02    0      0.195E-08         2
 0.25950000E+02    0      0.226E-05         1
 0.26449000E+02    0      0.100E-06         2
 0.26948000E+02    0      0.232E-06         2
 0.27447000E+02    0      0.427E-05         1
 0.27946000E+02    0      0.194E-08         2
 0.28445000E+02    0      0.133E-07         2
 0.28944000E+02    0      0.759E-07         2
 0.29443000E+02    0      0.722E-07         2
 0.29942000E+02    0      0.183E-07         2
 0.30441000E+02    0      0.731E-05         1
 0.30940000E+02    0      0.114E-06         2
 0.31439000E+02    0      0.359E-07         2
 0.31938000E+02    0      0.109E-06         2
 0.32437000E+02    0      0.667E-05         1
 0.32936000E+02    0      0.265E-07         2
 0.33435000E+02    0      0.383E-05         1
 0.33934000E+02    0      0.108E-05         1
 0.34433000E+02    0      0.272E-07         2
 0.34932000E+02    0      0.788E-05         1
 0.35431000E+02    0      0.107E-06         1
 0.35930000E+02    0      0.176E-07         2
 0.36429000E+02    0      0.681E-05         1
 0.36928000E+02    0      0.191E-06         1
 0.37427000E+02    0      0.194E-05         1
 0.37926000E+02    0      0.231E-05         1
 0.38425000E+02    0      0.846E-06         1
 0.38924000E+02    0      0.321E-06         1
 0.39423000E+02    0      0.425E-06         1
 0.39922000E+02    0      0.230E-06         1
 0.40421000E+02    0      0.794E-06         1
 0.40920000E+02    0      0.673E-06         1
 0.41419000E+02    0      0.337E-06         1
 0.41918000E+02    0      0.134E-05         1
 0.42417000E+02    0      0.236E-05         1
 0.42916000E+02    0      0.432E-06         1
 0.43415000E+02    0      0.981E-06         1
 0.43914000E+02    0      0.136E-05         1
 0.44413000E+02    0      0.361E-05         1
 0.44912000E+02    0      0.277E-05         1
 0.45411000E+02    0      0.446E-05         1
 0.45910000E+02    0      0.684E-07         3
 0.46409000E+02    0      0.634E-06         1
 0.46908000E+02    0      0.992E-07         2
 0.47407000E+02    0      0.954E-05         1
 0.47906000E+02    0      0.157E-05         2
 0.48405000E+02    0      0.803E-05         5
 0.48904000E+02    0      0.206E-05         4
 0.49403000E+02    0      0.131E-05         2
 0.49902000E+02    0      0.229E-07         2
 0.50401000E+02    0      0.648E-06         1
 0.50900000E+02    0      0.718E-07         2
 0.51399000E+02    0      0.812E-05         1
 0.51898000E+02    0      0.846E-05         1
 0.52397000E+02    0      0.675E-08         2
 0.52896000E+02    0      0.858E-05         1
 0.53395000E+02    0      0.206E-05         1
 0.53894000E+02    0      0.268E-05         1
 0.54393000E+02    0      0.851E-05         1
 0.54892000E+02    0      0.539E-05         1
 0.55391000E+02    0      0.359E-06         1
 0.55890000E+02    0      0.187E-05         1
 0.56389000E+02    0      0.343E-06         1
 0.56888000E+02    0      0.469E-05         1
 0.57387000E+02    0      0.213E-05         1
 0.57886000E+02    0      0.861E-06         1
 0.58385000E+02    0      0.908E-06         1
 0.58884000E+02    0      0.831E-05         1
 0.59383000E+02    0      0.376E-06         1
 0.59882000E+02    0      0.166E-05         1
 0.60381000E+02    0      0.869E-06         1
 0.60880000E+02    0      0.138E-05         1
 0.61379000E+02    0      0.209E-05         1
 0.61878000E+02    0      0.254E-06         1
 0.62377000E+02    0      0.644E-06         1
 0.62876000E+02    0      0.422E-06         1
 0.63375000E+02    0      0.862E-06         1
 0.63874000E+02    0      0.139E-05         1
 0.64373000E+02    0      0.581E-07         1
 0.64872000E+02    0      0.130E-05         1
 0.65371000E+02    0      0.201E-06         1
 0.65870000E+02    0      0.400E-07         1
 0.66369000E+02    0      0.114E-06         1
 0.66868000E+02    0      0.588E-06         1
 0.67367000E+02    0      0.410E-06         1
 0.67866000E+02    0      0.307E-06         1
 0.68365000E+02    0      0.602E-07         1
 0.68864000E+02    0      0.124E-07         1
 0.69363000E+02    0      0.459E-06         1
 0.69862000E+02    0      0.662E-07         1
 0.70361000E+02    0      0.588E-07         1
 0.70860000E+02    0      0.241E-07         1
 0.71359000E+02    0      0.550E-07         1
 0.71858000E+02    0      0.701E-07         1
 0.72357000E+02    0      0.106E-05         1
 0.72856000E+02    0      0.113E-07         1
 0.73355000E+02    0      0.336E-07         1
 0.73854000E+02    0      0.103E-06         1
 0.74353000E+02    0      0.160E-07         1
 0.74852000E+02    0      0.127E-06         1
 0.75351000E+02    0      0.744E-08         1
 0.75850000E+02    0      0.226E-07         1
 0.76349000E+02    0      0.497E-08         1
 0.76848000E+02    0      0.419E-07         1
 0.77347000E+02    0      0.364E-07         1
 0.77846000E+02    0      0.304E-07         1
 0.78345000E+02    0      0.155E-06         1
 0.78844000E+02    0      0.893E-08         1
 0.79343000E+02    0      0.120E-07         1
 0.79842000E+02    0      0.107E-05         1
 0.80341000E+02    0      0.105E-06         1
 0.80840000E+02    0      0.144E-07         1
 0.81339000E+02    0      0.174E-07         1
 0.81838000E+02    0      0.170E-07         1
 0.82337000E+02    0      0.157E-06         1
 0.82836000E+02    0      0.151E-06         1
 0.83335000E+02    0      0.761E-08         1
 0.83834000E+02    0      0.457E-08         1
 0.84333000E+02    0      0.719E-06         1
 0.84832000E+02    0      0.191E-07         1
 0.85331000E+02    0      0.177E-07         1
 0.85830000E+02    0      0.180E-07         1
 0.86329000E+02    0      0.166E-07         1
 0.86828000E+02    0      0.911E-07         1
 0.87327000E+02    0      0.119E-07         1
 0.87826000E+02    0      0.568E-08         1
 0.88325000E+02    0      0.121E-07         1
 0.88824000E+02    0      0.125E-07         1
 0.89323000E+02    0      0.129E-07         1
 0.89822000E+02    0      0.121E-07         1
 0.90321000E+02    0      0.979E-07         1
 0.90820000E+02    0      0.732E-08         1
 0.91319000E+02    0      0.120E-07         1
 0.91818000E+02    0      0.132E-07         1
 0.92317000E+02    0      0.507E-07         1
 0.92816000E+02    0      0.562E-08         1
 0.93315000E+02    0      0.538E-08         1
 0.93814000E+02    0      0.646E-08         1
 0.94313000E+02    0      0.593E-08         1
 0.94812000E+02    0      0.118E-07         1
 0.95311000E+02    0      0.778E-08         1
 0.95810000E+02    0      0.667E-08         1
 0.96309000E+02    0      0.278E-08         2
 0.96808000E+02    0      0.140E-06         1
 0.97307000E+02    0      0.605E-08         1
 0.97806000E+02    0      0.172E-06         1
 0.98305000E+02    0      0.848E-08         1
 0.98804000E+02    0      0.110E-07         1
 0.99303000E+02    0      0.876E-07         1
 0.99802000E+02    0      0.382E-08         1
 0.10030100E+03    0      0.339E-08         1
 0.10080000E+03    0      0.348E-08         1
 0.10129900E+03    0      0.327E-08         1
 0.10179800E+03    0      0.482E-08         1
 0.10229700E+03    0      0.518E-08         1
 0.10279600E+03    0      0.312E-08         1
 0.10329500E+03    0      0.284E-08         1
 0.10379400E+03    0      0.263E-08         1
 0.10429300E+03    0      0.759E-08         1
 0.10479200E+03    0      0.409E-08         1
 0.10529100E+03    0      0.446E-08         1
 0.10579000E+03    0      0.355E-08         1
 0.10628900E+03    0      0.176E-07         1
 0.10678800E+03    0      0.421E-08         1
 0.10728700E+03    0      0.533E-07         1
 0.10778600E+03    0      0.585E-08         1
 0.10828500E+03    0      0.683E-08         1
 0.10878400E+03    0      0.750E-08         1
 0.10928300E+03    0      0.628E-08         1
 0.10978200E+03    0      0.638E-08         1
 0.11028100E+03    0      0.736E-08         1
 0.11078000E+03    0      0.826E-08         1
 0.11127900E+03    0      0.927E-08         1
 0.11177800E+03    0      0.986E-08         1
 0.11227700E+03    0      0.733E-08         1
 0.11277600E+03    0      0.243E-08         1
 0.11327500E+03    0      0.247E-08         1
 0.11377400E+03    0      0.257E-08         1
 0.11427300E+03    0      0.240E-08         1
 0.11477200E+03    0      0.251E-08         1
 0.11527100E+03    0      0.261E-08         1
 0.11577000E+03    0      0.264E-08         1
 0.11626900E+03    0      0.477E-08         1
 0.11676800E+03    0      0.275E-08         1
 0.11726700E+03    0      0.561E-08         1
 0.11776600E+03    0      0.425E-08         1
 0.11826500E+03    0      0.255E-08         1
 0.11876400E+03    0      0.261E-08         1
 0.11926300E+03    0      0.269E-08         1
 0.11976200E+03    0      0.313E-08         1
 0.12026100E+03    0      0.744E-07         1
 0.12076000E+03    0      0.483E-07         1
 0.12125900E+03    0      0.264E-08         1
 0.12175800E+03    0      0.295E-08         1
 0.12225700E+03    0      0.283E-08         1
 0.12275600E+03    0      0.333E-08         1
 0.12325500E+03    0      0.592E-08         1
 0.12375400E+03    0      0.260E-08         1
 0.12425300E+03    0      0.249E-08         1
 0.12475200E+03    0      0.559E-08         1
 0.12525100E+03    0      0.276E-08         1
 0.12575000E+03    0      0.392E-08         1
 0.12624900E+03    0      0.338E-08         1
 0.12674800E+03    0      0.383E-08         1
 0.12724700E+03    0      0.511E-08         1
 0.12774600E+03    0      0.550E-08         1
 0.12824500E+03    0      0.573E-08         1
 0.12874400E+03    0      0.594E-08         1
 0.12924300E+03    0      0.636E-08         1
 0.12974200E+03    0      0.649E-08         1
 0.13024100E+03    0      0.684E-08         1
 0.13074000E+03    0      0.707E-08         1
 0.13123900E+03    0      0.726E-08         1
 0.13173800E+03    0      0.746E-08         1
 0.13223700E+03    0      0.756E-08         1
 0.13273600E+03    0      0.788E-08         1
 0.13323500E+03    0      0.378E-08         1
 0.13373400E+03    0      0.271E-07         1
 0.13423300E+03    0      0.133E-07         1
 0.13473200E+03    0      0.411E-08         1
 0.13523100E+03    0      0.441E-08         1
 0.13573000E+03    0      0.465E-08         1
 0.13622900E+03    0      0.485E-08         1
 0.13672800E+03    0      0.472E-08         1
 0.13722700E+03    0      0.491E-08         1
 0.13772600E+03    0      0.498E-08         1
 0.13822500E+03    0      0.524E-08         1
 0.13872400E+03    0      0.534E-08         1
 0.13922300E+03    0      0.159E-06         1
 0.13972200E+03    0      0.573E-08         1
 0.14022100E+03    0      0.259E-08         1
 0.14072000E+03    0      0.253E-08         1
 0.14121900E+03    0      0.250E-08         1
 0.14171800E+03    0      0.279E-08         1
 0.14221700E+03    0      0.294E-08         1
 0.14271600E+03    0      0.257E-08         1
 0.14321500E+03    0      0.315E-08         1
 0.14371400E+03    0      0.928E-08         1
 0.14421300E+03    0      0.421E-08         1
 0.14471200E+03    0      0.437E-08         1
 0.14521100E+03    0      0.474E-08         1
 0.14571000E+03    0      0.499E-08         1
 0.14620900E+03    0      0.528E-08         1
 0.14670800E+03    0      0.542E-08         1
 0.14720700E+03    0      0.574E-08         1
 0.14770600E+03    0      0.553E-08         1
 0.14820500E+03    0      0.618E-08         1
 0.14870400E+03    0      0.646E-08         1
 0.14920300E+03    0      0.683E-08         1
 0.14970200E+03    0      0.677E-08         1
 0.15020100E+03    0      0.721E-08         1
 0.15070000E+03    0      0.282E-08         1
 0.15119900E+03    0      0.271E-08         1
 0.15169800E+03    0      0.293E-08         1
 0.15219700E+03    0      0.245E-08         1
 0.15269600E+03    0      0.272E-08         1
 0.15319500E+03    0      0.253E-08         1
 0.15369400E+03    0      0.264E-08         1
 0.15419300E+03    0      0.515E-08         1
 0.15469200E+03    0      0.270E-08         1
 0.15519100E+03    0      0.306E-08         1
 0.15569000E+03    0      0.344E-07         1
 0.15618900E+03    0      0.261E-08         1
 0.15668800E+03    0      0.271E-08         1
 0.15718700E+03    0      0.262E-08         1
 0.15768600E+03    0      0.267E-08         1
 0.15818500E+03    0      0.270E-08         1
 0.15868400E+03    0      0.299E-08         1
 0.15918300E+03    0      0.338E-08         1
 0.15968200E+03    0      0.378E-08         1
 0.16018100E+03    0      0.440E-08         1
 0.16068000E+03    0      0.425E-08         1
 0.16117900E+03    0      0.484E-08         1
 0.16167800E+03    0      0.491E-08         1
 0.16217700E+03    0      0.524E-08         1
 0.16267600E+03    0      0.555E-08         1
 0.16317500E+03    0      0.575E-08         1
 0.16367400E+03    0      0.616E-08         1
 0.16417300E+03    0      0.619E-08         1
 0.16467200E+03    0      0.642E-08         1
 0.16517100E+03    0      0.657E-08         1
 0.16567000E+03    0      0.668E-08         1
 0.16616900E+03    0      0.684E-08         1
 0.16666800E+03    0      0.289E-08         1
 0.16716700E+03    0      0.312E-08         1
 0.16766600E+03    0      0.461E-08         1
 0.16816500E+03    0      0.352E-08         1
 0.16866400E+03    0      0.193E-06         1
 0.16916300E+03    0      0.480E-08         1
 0.16966200E+03    0      0.548E-08         1
 0.17016100E+03    0      0.599E-08         1
 0.17066000E+03    0      0.637E-08         1
 0.17115900E+03    0      0.660E-08         1
 0.17165800E+03    0      0.717E-08         1
 0.17215700E+03    0      0.769E-08         1
 0.17265600E+03    0      0.885E-08         1
 0.17315500E+03    0      0.578E-08         1
 0.17365400E+03    0      0.746E-08         1
 0.17415300E+03    0      0.652E-08         1
 0.17465200E+03    0      0.682E-08         1
 0.17515100E+03    0      0.479E-08         1
 0.17565000E+03    0      0.502E-08         1
 0.17614900E+03    0      0.526E-08         1
 0.17664800E+03    0      0.673E-07         1
 0.17714700E+03    0      0.583E-08         1
 0.17764600E+03    0      0.616E-08         1
 0.17814500E+03    0      0.627E-08         1
 0.17864400E+03    0      0.648E-08         1
 0.17914300E+03    0      0.658E-08         1
 0.17964200E+03    0      0.685E-08         1
 0.18014100E+03    0      0.696E-08         1
 0.18064000E+03    0      0.720E-08         1
 0.18113900E+03    0      0.737E-08         1
 0.18163800E+03    0      0.278E-08         1
 0.18213700E+03    0      0.270E-08         1
 0.18263600E+03    0      0.263E-08         1
 0.18313500E+03    0      0.280E-08         1
 0.18363400E+03    0      0.286E-08         1
 0.18413300E+03    0      0.270E-08         1
 0.18463200E+03    0      0.256E-08         1
 0.18513100E+03    0      0.273E-08         1
 0.18563000E+03    0      0.259E-08         1
 0.18612900E+03    0      0.330E-08         1
 0.18662800E+03    0      0.376E-08         1
 0.18712700E+03    0      0.390E-08         1
 0.18762600E+03    0      0.424E-08         1
 0.18812500E+03    0      0.456E-08         1
 0.18862400E+03    0      0.492E-08         1
 0.18912300E+03    0      0.498E-08         1
 0.18962200E+03    0      0.111E-07         1
 0.19012100E+03    0      0.935E-08         1
 0.19062000E+03    0      0.549E-08         1
 0.19111900E+03    0      0.578E-08         1
 0.19161800E+03    0      0.591E-08         1
 0.19211700E+03    0      0.641E-08         1
 0.19261600E+03    0      0.587E-08         1
 0.19311500E+03    0      0.676E-08         1
 0.19361400E+03    0      0.691E-08         1
 0.19411300E+03    0      0.787E-08         1
 0.19461200E+03    0      0.715E-08         1
 0.19511100E+03    0      0.411E-08         1
 0.19561000E+03    0      0.326E-08         1
 0.19610900E+03    0      0.332E-08         1
 0.19660800E+03    0      0.340E-08         1
 0.19710700E+03    0      0.379E-08         1
 0.19760600E+03    0      0.368E-08         1
 0.19810500E+03    0      0.420E-08         1
 0.19860400E+03    0      0.495E-08         1
 0.19910300E+03    0      0.498E-08         1
 0.19960200E+03    0      0.543E-08         1
 0.20010100E+03    0      0.568E-08         1
 0.20060000E+03    0      0.589E-08         1
 0.20109900E+03    0      0.621E-08         1
 0.20159800E+03    0      0.658E-08         1
 0.20209700E+03    0      0.682E-08         1
 0.20259600E+03    0      0.457E-07         1
 0.20309500E+03    0      0.730E-08         1
 0.20359400E+03    0      0.763E-08         1
 0.20409300E+03    0      0.774E-08         1
 0.20459200E+03    0      0.812E-08         1
 0.20509100E+03    0      0.617E-08         1
 0.20559000E+03    0      0.644E-08         1
 0.20608900E+03    0      0.665E-08         1
 0.20658800E+03    0      0.682E-08         1
 0.20708700E+03    0      0.697E-08         1
 0.20758600E+03    0      0.697E-08         1
 0.20808500E+03    0      0.741E-08         1
 0.20858400E+03    0      0.272E-08         1
 0.20908300E+03    0      0.243E-08         1
 0.20958200E+03    0      0.267E-08         1
 0.21008100E+03    0      0.240E-08         1
 0.21058000E+03    0      0.273E-08         1
 0.21107900E+03    0      0.335E-08         1
 0.21157800E+03    0      0.362E-08         1
 0.21207700E+03    0      0.399E-08         1
 0.21257600E+03    0      0.412E-08         1
 0.21307500E+03    0      0.472E-08         1
 0.21357400E+03    0      0.483E-08         1
 0.21407300E+03    0      0.492E-08         1
 0.21457200E+03    0      0.515E-08         1
 0.21507100E+03    0      0.542E-08         1
 0.21557000E+03    0      0.554E-08         1
 0.21606900E+03    0      0.577E-08         1
 0.21656800E+03    0      0.596E-08         1
 0.21706700E+03    0      0.600E-08         1
 0.21756600E+03    0      0.635E-08         1
 0.21806500E+03    0      0.648E-08         1
 0.21856400E+03    0      0.661E-08         1
 0.21906300E+03    0      0.688E-08         1
 0.21956200E+03    0      0.692E-08         1
 0.22006100E+03    0      0.699E-08         1
 0.22056000E+03    0      0.718E-08         1
 0.22105900E+03    0      0.473E-07         1
 0.22155800E+03    0      0.278E-08         1
 0.22205700E+03    0      0.323E-08         1
 0.22255600E+03    0      0.384E-08         1
 0.22305500E+03    0      0.486E-08         1
 0.22355400E+03    0      0.471E-08         1
 0.22405300E+03    0      0.496E-08         1
 0.22455200E+03    0      0.557E-08         1
 0.22505100E+03    0      0.552E-08         1
 0.22555000E+03    0      0.640E-08         1
 0.22604900E+03    0      0.617E-08         1
 0.22654800E+03    0      0.583E-08         1
 0.22704700E+03    0      0.689E-08         1
 0.22754600E+03    0      0.698E-08         1
 0.22804500E+03    0      0.745E-08         1
 0.22854400E+03    0      0.805E-08         1
 0.22904300E+03    0      0.830E-08         1
 0.22954200E+03    0      0.783E-08         1
 0.23004100E+03    0      0.805E-08         1
 0.23054000E+03    0      0.837E-08         1
 0.23103900E+03    0      0.103E-07         1
 0.23153800E+03    0      0.864E-08         1
 0.23203700E+03    0      0.895E-08         1
 0.23253600E+03    0      0.893E-08         1
 0.23303500E+03    0      0.727E-08         1
 0.23353400E+03    0      0.743E-08         1
 0.23403300E+03    0      0.790E-08         1
 0.23453200E+03    0      0.317E-08         1
 0.23503100E+03    0      0.372E-08         1
 0.23553000E+03    0      0.407E-08         1
 0.23602900E+03    0      0.412E-08         1
 0.23652800E+03    0      0.439E-08         1
 0.23702700E+03    0      0.506E-08         1
 0.23752600E+03    0      0.666E-08         1
 0.23802500E+03    0      0.795E-08         1
 0.23852400E+03    0      0.539E-08         1
 0.23902300E+03    0      0.569E-08         1
 0.23952200E+03    0      0.571E-08         1
 0.24002100E+03    0      0.605E-08         1
 0.24052000E+03    0      0.611E-08         1
 0.24101900E+03    0      0.617E-08         1
 0.24151800E+03    0      0.621E-08         1
 0.24201700E+03    0      0.653E-08         1
 0.24251600E+03    0      0.657E-08         1
 0.24301500E+03    0      0.686E-08         1
 0.24351400E+03    0      0.702E-08         1
 0.24401300E+03    0      0.692E-08         1
 0.24451200E+03    0      0.719E-08         1
 0.24501100E+03    0      0.723E-08         1
 0.24551000E+03    0      0.757E-08         1
 0.24600900E+03    0      0.772E-08         1
 0.24650800E+03    0      0.806E-08         1
 0.24700700E+03    0      0.842E-08         1
 0.24750600E+03    0      0.553E-08         1
 0.24800500E+03    0      0.470E-08         1
 0.24850400E+03    0      0.506E-08         1
 0.24900300E+03    0      0.523E-08         1
 0.24950200E+03    0      0.560E-08         1
 0.25000100E+03    0      0.587E-08         1
 0.25050000E+03    0      0.164E-07         1
 0.25099900E+03    0      0.650E-08         1
 0.25149800E+03    0      0.643E-08         1
 0.25199700E+03    0      0.663E-08         1
 0.25249600E+03    0      0.806E-08         1
 0.25299500E+03    0      0.705E-08         1
 0.25349400E+03    0      0.729E-08         1
 0.25399300E+03    0      0.735E-08         1
 0.25449200E+03    0      0.742E-08         1
 0.25499100E+03    0      0.787E-08         1
 0.25549000E+03    0      0.780E-08         1
 0.25598900E+03    0      0.802E-08         1
 0.25648800E+03    0      0.810E-08         1
 0.25698700E+03    0      0.832E-08         1
 0.25748600E+03    0      0.875E-08         1
 0.25798500E+03    0      0.903E-08         1
 0.25848400E+03    0      0.893E-08         1
 0.25898300E+03    0      0.907E-08         1
 0.25948200E+03    0      0.945E-08         1
 0.25998100E+03    0      0.956E-08         1
 0.26048000E+03    0      0.974E-08         1
 0.26097900E+03    0      0.995E-08         1
 0.26147800E+03    0      0.999E-08         1
 0.26197700E+03    0      0.740E-08         1
 0.26247600E+03    0      0.747E-08         1
 0.26297500E+03    0      0.525E-08         1
 0.26347400E+03    0      0.516E-08         1
 0.26397300E+03    0      0.525E-08         1
 0.26447200E+03    0      0.546E-08         1
 0.26497100E+03    0      0.546E-08         1
 0.26547000E+03    0      0.587E-08         1
 0.26596900E+03    0      0.558E-08         1
 0.26646800E+03    0      0.602E-08         1
 0.26696700E+03    0      0.592E-08         1
 0.26746600E+03    0      0.893E-08         1
 0.26796500E+03    0      0.618E-08         1
 0.26846400E+03    0      0.630E-08         1
 0.26896300E+03    0      0.644E-08         1
 0.26946200E+03    0      0.664E-08         1
 0.26996100E+03    0      0.653E-08         1
 0.27046000E+03    0      0.666E-08         1
 0.27095900E+03    0      0.694E-08         1
 0.27145800E+03    0      0.270E-07         1
 0.27195700E+03    0      0.689E-08         1
 0.27245600E+03    0      0.737E-08         1
 0.27295500E+03    0      0.736E-08         1
 0.27345400E+03    0      0.771E-08         1
 0.27395300E+03    0      0.780E-08         1
 0.27445200E+03    0      0.799E-08         1
 0.27495100E+03    0      0.800E-08         1
 0.27545000E+03    0      0.809E-08         1
 0.27594900E+03    0      0.829E-08         1
 0.27644800E+03    0      0.858E-08         1
 0.27694700E+03    0      0.880E-08         1
 0.27744600E+03    0      0.891E-08         1
 0.27794500E+03    0      0.895E-08         1
 0.27844400E+03    0      0.919E-08         1
 0.27894300E+03    0      0.590E-08         1
 0.27944200E+03    0      0.590E-08         1
 0.27994100E+03    0      0.611E-08         1
 0.28044000E+03    0      0.583E-08         1
 0.28093900E+03    0      0.644E-08         1
 0.28143800E+03    0      0.652E-08         1
 0.28193700E+03    0      0.652E-08         1
 0.28243600E+03    0      0.673E-08         1
 0.28293500E+03    0      0.692E-08         1
 0.28343400E+03    0      0.686E-08         1
 0.28393300E+03    0      0.717E-08         1
 0.28443200E+03    0      0.732E-08         1
 0.28493100E+03    0      0.734E-08         1
 0.28543000E+03    0      0.743E-08         1
 0.28592900E+03    0      0.762E-08         1
 0.28642800E+03    0      0.780E-08         1
 0.28692700E+03    0      0.772E-08         1
 0.28742600E+03    0      0.910E-08         1
 0.28792500E+03    0      0.797E-08         1
 0.28842400E+03    0      0.778E-08         1
 0.28892300E+03    0      0.778E-08         1
 0.28942200E+03    0      0.815E-08         1
 0.28992100E+03    0      0.820E-08         1
 0.29042000E+03    0      0.816E-08         1
 0.29091900E+03    0      0.834E-08         1
 0.29141800E+03    0      0.855E-08         1
 0.29191700E+03    0      0.871E-08         1
 0.29241600E+03    0      0.875E-08         1
 0.29291500E+03    0      0.890E-08         1
 0.29341400E+03    0      0.892E-08         1
 0.29391300E+03    0      0.910E-08         1
 0.29441200E+03    0      0.926E-08         1
 0.29491100E+03    0      0.864E-08         1
 0.29541000E+03    0      0.945E-08         1
 0.29590900E+03    0      0.957E-08         1
 0.29640800E+03    0      0.953E-08         1
 0.29690700E+03    0      0.978E-08         1
 0.29740600E+03    0      0.122E-07         1
 0.29790500E+03    0      0.989E-08         1
 0.29840400E+03    0      0.100E-07         1
 0.29890300E+03    0      0.101E-07         1
 0.29940200E+03    0      0.100E-07         1
 0.29990100E+03    0      0.103E-07         1
 0.30040000E+03    0      0.102E-07         1
 0.30089900E+03    0      0.103E-07         1
 0.30139800E+03    0      0.104E-07         1
 0.30189700E+03    0      0.106E-07         1
 0.30239600E+03    0      0.106E-07         1
 0.30289500E+03    0      0.107E-07         1
 0.30339400E+03    0      0.106E-07         1
 0.30389300E+03    0      0.108E-07         1
 0.30439200E+03    0      0.911E-08         1
 0.30489100E+03    0      0.887E-08         1
 0.30539000E+03    0      0.100E-07         1
 0.30588900E+03    0      0.108E-07         1
 0.30638800E+03    0      0.777E-08         1
 0.30688700E+03    0      0.799E-08         1
 0.30738600E+03    0      0.805E-08         1
 0.30788500E+03    0      0.794E-08         1
 0.30838400E+03    0      0.801E-08         1
 0.30888300E+03    0      0.812E-08         1
 0.30938200E+03    0      0.803E-08         1
 0.30988100E+03    0      0.833E-08         1
 0.31038000E+03    0      0.827E-08         1
 0.31087900E+03    0      0.798E-08         1
 0.31137800E+03    0      0.827E-08         1
 0.31187700E+03    0      0.813E-08         1
 0.31237600E+03    0      0.829E-08         1
 0.31287500E+03    0      0.841E-08         1
 0.31337400E+03    0      0.866E-08         1
 0.31387300E+03    0      0.919E-08         1
 0.31437200E+03    0      0.104E-07         1
 0.31487100E+03    0      0.848E-08         1
 0.31537000E+03    0      0.826E-08         1
 0.31586900E+03    0      0.869E-08         1
 0.31636800E+03    0      0.888E-08         1
 0.31686700E+03    0      0.886E-08         1
 0.31736600E+03    0      0.846E-08         1
 0.31786500E+03    0      0.848E-08         1
 0.31836400E+03    0      0.847E-08         1
 0.31886300E+03    0      0.191E-07         1
 0.31936200E+03    0      0.855E-08         1
 0.31986100E+03    0      0.854E-08         1
 0.32036000E+03    0      0.839E-08         1
 0.32085900E+03    0      0.860E-08         1
 0.32135800E+03    0      0.857E-08         1
 0.32185700E+03    0      0.852E-08         1
 0.32235600E+03    0      0.861E-08         1
 0.32285500E+03    0      0.102E-07         1
 0.32335400E+03    0      0.842E-08         1
 0.32385300E+03    0      0.863E-08         1
 0.32435200E+03    0      0.847E-08         1
 0.32485100E+03    0      0.868E-08         1
 0.32535000E+03    0      0.850E-08         1
 0.32584900E+03    0      0.855E-08         1
 0.32634800E+03    0      0.889E-08         1
 0.32684700E+03    0      0.910E-08         1
 0.32734600E+03    0      0.899E-08         1
 0.32784500E+03    0      0.914E-08         1
 0.32834400E+03    0      0.834E-08         1
 0.32884300E+03    0      0.840E-08         1
 0.32934200E+03    0      0.842E-08         1
 0.32984100E+03    0      0.896E-08         1
 0.33034000E+03    0      0.847E-08         1
 0.33083900E+03    0      0.848E-08         1
 0.33133800E+03    0      0.849E-08         1
 0.33183700E+03    0      0.823E-08         1
 0.33233600E+03    0      0.820E-08         1
 0.33283500E+03    0      0.834E-08         1
 0.33333400E+03    0      0.838E-08         1
 0.33383300E+03    0      0.807E-08         1
 0.33433200E+03    0      0.829E-08         1
 0.33483100E+03    0      0.830E-08         1
 0.33533000E+03    0      0.816E-08         1
 0.33582900E+03    0      0.820E-08         1
 0.33632800E+03    0      0.810E-08         1
 0.33682700E+03    0      0.822E-08         1
 0.33732600E+03    0      0.744E-08         1
 0.33782500E+03    0      0.890E-08         1
 0.33832400E+03    0      0.811E-08         1
 0.33882300E+03    0      0.815E-08         1
 0.33932200E+03    0      0.802E-08         1
 0.33982100E+03    0      0.818E-08         1
 0.34032000E+03    0      0.110E-07         1
 0.34081900E+03    0      0.110E-07         1
 0.34131800E+03    0      0.111E-07         1
 0.34181700E+03    0      0.111E-07         1
 0.34231600E+03    0      0.109E-07         1
 0.34281500E+03    0      0.110E-07         1
 0.34331400E+03    0      0.109E-07         1
 0.34381300E+03    0      0.106E-07         1
 0.34431200E+03    0      0.105E-07         1
 0.34481100E+03    0      0.109E-07         1
 0.34531000E+03    0      0.111E-07         1
 0.34580900E+03    0      0.105E-07         1
 0.34630800E+03    0      0.103E-07         1
 0.34680700E+03    0      0.105E-07         1
 0.34730600E+03    0      0.142E-07         1
 0.34780500E+03    0      0.101E-07         1
 0.34830400E+03    0      0.102E-07         1
 0.34880300E+03    0      0.100E-07         1
 0.34930200E+03    0      0.993E-08         1
 0.34980100E+03    0      0.981E-08         1
 0.35030000E+03    0      0.963E-08         1
 0.35079900E+03    0      0.963E-08         1
 0.35129800E+03    0      0.959E-08         1
 0.35179700E+03    0      0.949E-08         1
 0.35229600E+03    0      0.939E-08         1
 0.35279500E+03    0      0.935E-08         1
 0.35329400E+03    0      0.927E-08         1
 0.35379300E+03    0      0.915E-08         1
 0.35429200E+03    0      0.272E-07         1
 0.35479100E+03    0      0.882E-08         1
 0.35529000E+03    0      0.866E-08         1
 0.35578900E+03    0      0.853E-08         1
 0.35628800E+03    0      0.835E-08         1
 0.35678700E+03    0      0.803E-08         1
 0.35728600E+03    0      0.818E-08         1
 0.35778500E+03    0      0.786E-08         1
 0.35828400E+03    0      0.823E-08         1
 0.35878300E+03    0      0.790E-08         1
 0.35928200E+03    0      0.800E-08         1
 0.35978100E+03    0      0.787E-08         1
 0.36028000E+03    0      0.764E-08         1
 0.36077900E+03    0      0.759E-08         1
 0.36127800E+03    0      0.734E-08         1
 0.36177700E+03    0      0.719E-08         1
 0.36227600E+03    0      0.737E-08         1
 0.36277500E+03    0      0.249E-07         1
 0.36327400E+03    0      0.499E-07         1
 0.36377300E+03    0      0.701E-08         1
 0.36427200E+03    0      0.692E-08         1
 0.36477100E+03    0      0.695E-08         1
 0.36527000E+03    0      0.675E-08         1
 0.36576900E+03    0      0.904E-07         1
 0.36626800E+03    0      0.102E-07         1
 0.36676700E+03    0      0.100E-07         1
 0.36726600E+03    0      0.998E-08         1
 0.36776500E+03    0      0.203E-07         1
 0.36826400E+03    0      0.950E-08         1
 0.36876300E+03    0      0.947E-08         1
 0.36926200E+03    0      0.932E-08         1
 0.36976100E+03    0      0.886E-08         1
 0.37026000E+03    0      0.963E-08         1
 0.37075900E+03    0      0.877E-08         1
 0.37125800E+03    0      0.848E-08         1
 0.37175700E+03    0      0.855E-08         1
 0.37225600E+03    0      0.820E-08         1
 0.37275500E+03    0      0.823E-08         1
 0.37325400E+03    0      0.826E-08         1
 0.37375300E+03    0      0.786E-08         1
 0.37425200E+03    0      0.753E-08         1
 0.37475100E+03    0      0.734E-08         1
 0.37525000E+03    0      0.731E-08         1
 0.37574900E+03    0      0.723E-08         1
 0.37624800E+03    0      0.668E-08         1
 0.37674700E+03    0      0.699E-08         1
 0.37724600E+03    0      0.704E-08         1
 0.37774500E+03    0      0.679E-08         1
 0.37824400E+03    0      0.678E-08         1
 0.37874300E+03    0      0.688E-08         1
 0.37924200E+03    0      0.671E-08         1
 0.37974100E+03    0      0.645E-08         1
 0.38024000E+03    0      0.623E-08         1
 0.38073900E+03    0      0.631E-08         1
 0.38123800E+03    0      0.610E-08         1
 0.38173700E+03    0      0.861E-08         1
 0.38223600E+03    0      0.823E-08         1
 0.38273500E+03    0      0.814E-08         1
 0.38323400E+03    0      0.112E-07         1
 0.38373300E+03    0      0.108E-07         1
 0.38423200E+03    0      0.108E-07         1
 0.38473100E+03    0      0.107E-07         1
 0.38523000E+03    0      0.242E-07         1
 0.38572900E+03    0      0.113E-07         1
 0.38622800E+03    0      0.121E-07         1
 0.38672700E+03    0      0.100E-07         1
 0.38722600E+03    0      0.974E-08         1
 0.38772500E+03    0      0.835E-07         1
 0.38822400E+03    0      0.936E-08         1
 0.38872300E+03    0      0.900E-08         1
 0.38922200E+03    0      0.888E-08         1
 0.38972100E+03    0      0.861E-08         1
 0.39022000E+03    0      0.859E-08         1
 0.39071900E+03    0      0.847E-08         1
 0.39121800E+03    0      0.488E-07         1
 0.39171700E+03    0      0.789E-08         1
 0.39221600E+03    0      0.785E-08         1
 0.39271500E+03    0      0.776E-08         1
 0.39321400E+03    0      0.778E-08         1
 0.39371300E+03    0      0.754E-08         1
 0.39421200E+03    0      0.753E-08         1
 0.39471100E+03    0      0.723E-08         1
 0.39521000E+03    0      0.733E-08         1
 0.39570900E+03    0      0.666E-08         1
 0.39620800E+03    0      0.647E-08         1
 0.39670700E+03    0      0.647E-08         1
 0.39720600E+03    0      0.647E-08         1
 0.39770500E+03    0      0.100E-07         1
 0.39820400E+03    0      0.970E-08         1
 0.39870300E+03    0      0.918E-08         1
 0.39920200E+03    0      0.911E-08         1
 0.39970100E+03    0      0.903E-08         1
 0.40020000E+03    0      0.868E-08         1
 0.40069900E+03    0      0.851E-08         1
 0.40119800E+03    0      0.806E-08         1
 0.40169700E+03    0      0.782E-08         1
 0.40219600E+03    0      0.778E-08         1
 0.40269500E+03    0      0.745E-08         1
 0.40319400E+03    0      0.737E-08         1
 0.40369300E+03    0      0.709E-08         1
 0.40419200E+03    0      0.711E-08         1
 0.40469100E+03    0      0.693E-08         1
 0.40519000E+03    0      0.669E-08         1
 0.40568900E+03    0      0.655E-08         1
 0.40618800E+03    0      0.633E-08         1
 0.40668700E+03    0      0.626E-08         1
 0.40718600E+03    0      0.617E-08         1
 0.40768500E+03    0      0.627E-08         1
 0.40818400E+03    0      0.577E-08         1
 0.40868300E+03    0      0.563E-08         1
 0.40918200E+03    0      0.578E-08         1
 0.40968100E+03    0      0.523E-08         1
 0.41018000E+03    0      0.553E-08         1
 0.41067900E+03    0      0.529E-08         1
 0.41117800E+03    0      0.922E-08         1
 0.41167700E+03    0      0.911E-08         1
 0.41217600E+03    0      0.105E-07         1
 0.41267500E+03    0      0.103E-07         1
 0.41317400E+03    0      0.102E-07         1
 0.41367300E+03    0      0.990E-08         1
 0.41417200E+03    0      0.982E-08         1
 0.41467100E+03    0      0.938E-08         1
 0.41517000E+03    0      0.923E-08         1
 0.41566900E+03    0      0.922E-08         1
 0.41616800E+03    0      0.907E-08         1
 0.41666700E+03    0      0.876E-08         1
 0.41716600E+03    0      0.872E-08         1
 0.41766500E+03    0      0.862E-08         1
 0.41816400E+03    0      0.826E-08         1
 0.41866300E+03    0      0.829E-08         1
 0.41916200E+03    0      0.778E-08         1
 0.41966100E+03    0      0.773E-08         1
 0.42016000E+03    0      0.752E-08         1
 0.42065900E+03    0      0.728E-08         1
 0.42115800E+03    0      0.728E-08         1
 0.42165700E+03    0      0.653E-08         1
 0.42215600E+03    0      0.630E-08         1
 0.42265500E+03    0      0.615E-08         1
 0.42315400E+03    0      0.594E-08         1
 0.42365300E+03    0      0.570E-08         1
 0.42415200E+03    0      0.952E-08         1
 0.42465100E+03    0      0.927E-08         1
 0.42515000E+03    0      0.915E-08         1
 0.42564900E+03    0      0.878E-08         1
 0.42614800E+03    0      0.843E-08         1
 0.42664700E+03    0      0.843E-08         1
 0.42714600E+03    0      0.988E-08         1
 0.42764500E+03    0      0.764E-08         1
 0.42814400E+03    0      0.738E-08         1
 0.42864300E+03    0      0.753E-08         1
 0.42914200E+03    0      0.745E-08         1
 0.42964100E+03    0      0.680E-08         1
 0.43014000E+03    0      0.656E-08         1
 0.43063900E+03    0      0.654E-08         1
 0.43113800E+03    0      0.635E-08         1
 0.43163700E+03    0      0.651E-08         1
 0.43213600E+03    0      0.639E-08         1
 0.43263500E+03    0      0.618E-08         1
 0.43313400E+03    0      0.564E-08         1
 0.43363300E+03    0      0.600E-08         1
 0.43413200E+03    0      0.585E-08         1
 0.43463100E+03    0      0.547E-08         1
 0.43513000E+03    0      0.526E-08         1
 0.43562900E+03    0      0.499E-08         1
 0.43612800E+03    0      0.508E-08         1
 0.43662700E+03    0      0.503E-08         1
 0.43712600E+03    0      0.477E-08         1
 0.43762500E+03    0      0.871E-08         1
 0.43812400E+03    0      0.845E-08         1
 0.43862300E+03    0      0.828E-08         1
 0.43912200E+03    0      0.792E-08         1
 0.43962100E+03    0      0.774E-08         1
 0.44012000E+03    0      0.755E-08         1
 0.44061900E+03    0      0.763E-08         1
 0.44111800E+03    0      0.967E-08         1
 0.44161700E+03    0      0.925E-08         1
 0.44211600E+03    0      0.461E-07         1
 0.44261500E+03    0      0.909E-08         1
 0.44311400E+03    0      0.887E-08         1
 0.44361300E+03    0      0.863E-08         1
 0.44411200E+03    0      0.878E-08         1
 0.44461100E+03    0      0.820E-08         1
 0.44511000E+03    0      0.815E-08         1
 0.44560900E+03    0      0.791E-08         1
 0.44610800E+03    0      0.776E-08         1
 0.44660700E+03    0      0.735E-08         1
 0.44710600E+03    0      0.729E-08         1
 0.44760500E+03    0      0.723E-08         1
 0.44810400E+03    0      0.687E-08         1
 0.44860300E+03    0      0.668E-08         1
 0.44910200E+03    0      0.620E-08         1
 0.44960100E+03    0      0.627E-08         1
 0.45010000E+03    0      0.578E-08         1
 0.45059900E+03    0      0.561E-08         1
 0.45109800E+03    0      0.950E-08         1
 0.45159700E+03    0      0.880E-08         1
 0.45209600E+03    0      0.854E-08         1
 0.45259500E+03    0      0.850E-08         1
 0.45309400E+03    0      0.852E-08         1
 0.45359300E+03    0      0.796E-08         1
 0.45409200E+03    0      0.819E-08         1
 0.45459100E+03    0      0.718E-08         1
 0.45509000E+03    0      0.735E-08         1
 0.45558900E+03    0      0.733E-08         1
 0.45608800E+03    0      0.685E-08         1
 0.45658700E+03    0      0.125E-07         1
 0.45708600E+03    0      0.886E-07         1
 0.45758500E+03    0      0.166E-06         1
 0.45808400E+03    0      0.244E-06         1
 0.45858300E+03    0      0.321E-06         1
 0.45908200E+03    0      0.399E-06         1
 0.45958100E+03    0      0.477E-06         1
 0.46008000E+03    0      0.148E-06         1
 0.46057900E+03    0      0.145E-06         1
 0.46107800E+03    0      0.163E-06         1
 0.46157700E+03    0      0.511E-08         1
 0.46207600E+03    0      0.545E-08         1
 0.46257500E+03    0      0.519E-08         1
 0.46307400E+03    0      0.468E-08         1
 0.46357300E+03    0      0.459E-08         1
 0.46407200E+03    0      0.417E-08         1
 0.46457100E+03    0      0.402E-08         1
 0.46507000E+03    0      0.404E-08         1
 0.46556900E+03    0      0.830E-08         1
 0.46606800E+03    0      0.790E-08         1
 0.46656700E+03    0      0.784E-08         1
 0.46706600E+03    0      0.806E-08         1
 0.46756500E+03    0      0.773E-08         1
 0.46806400E+03    0      0.772E-08         1
 0.46856300E+03    0      0.784E-08         1
 0.46906200E+03    0      0.714E-08         1
 0.46956100E+03    0      0.757E-08         1
 0.47006000E+03    0      0.719E-08         1
 0.47055900E+03    0      0.708E-08         1
 0.47105800E+03    0      0.701E-08         1
 0.47155700E+03    0      0.690E-08         1
 0.47205600E+03    0      0.854E-08         1
 0.47255500E+03    0      0.798E-08         1
 0.47305400E+03    0      0.862E-08         1
 0.47355300E+03    0      0.803E-08         1
 0.47405200E+03    0      0.762E-08         1
 0.47455100E+03    0      0.776E-08         1
 0.47505000E+03    0      0.748E-08         1
 0.47554900E+03    0      0.743E-08         1
 0.47604800E+03    0      0.710E-08         1
 0.47654700E+03    0      0.711E-08         1
 0.47704600E+03    0      0.679E-08         1
 0.47754500E+03    0      0.579E-08         1
 0.47804400E+03    0      0.627E-08         1
 0.47854300E+03    0      0.620E-08         1
 0.47904200E+03    0      0.564E-08         1
 0.47954100E+03    0      0.565E-08         1
 0.48004000E+03    0      0.497E-08         1
 0.48053900E+03    0      0.489E-08         1
 0.48103800E+03    0      0.881E-08         1
 0.48153700E+03    0      0.819E-08         1
 0.48203600E+03    0      0.839E-08         1
 0.48253500E+03    0      0.879E-08         1
 0.48303400E+03    0      0.801E-08         1
 0.48353300E+03    0      0.800E-08         1
 0.48403200E+03    0      0.740E-08         1
 0.48453100E+03    0      0.714E-08         1
 0.48503000E+03    0      0.707E-08         1
 0.48552900E+03    0      0.695E-08         1
 0.48602800E+03    0      0.698E-08         1
 0.48652700E+03    0      0.661E-08         1
 0.48702600E+03    0      0.682E-08         1
 0.48752500E+03    0      0.963E-08         1
 0.48802400E+03    0      0.594E-08         1
 0.48852300E+03    0      0.599E-08         1
 0.48902200E+03    0      0.619E-08         1
 0.48952100E+03    0      0.589E-08         1
 0.49002000E+03    0      0.550E-08         1
 0.49051900E+03    0      0.561E-08         1
 0.49101800E+03    0      0.539E-08         1
 0.49151700E+03    0      0.482E-08         1
 0.49201600E+03    0      0.458E-08         1
 0.49251500E+03    0      0.431E-08         1
 0.49301400E+03    0      0.420E-08         1
 0.49351300E+03    0      0.374E-08         1
 0.49401200E+03    0      0.373E-08         1
 0.49451100E+03    0      0.364E-08         1
 0.49501000E+03    0      0.346E-08         1
 0.49550900E+03    0      0.382E-08         1
 0.49600800E+03    0      0.424E-08         1
 0.49650700E+03    0      0.372E-08         1
 0.49700600E+03    0      0.372E-08         1
 0.49750500E+03    0      0.814E-08         1
 0.49800400E+03    0      0.799E-08         1
 0.49850300E+03    0      0.781E-08         1
 0.49900200E+03    0      0.751E-08         1
 0.49950100E+03    0      0.769E-08         1
 0.50000000E+03    0      0.699E-08         1

real	0m3.149s
user	0m2.260s
sys	0m0.849s

Execution complete: Wed 12 May 11:52:45 BST 2021

